<?xml version="1.0" encoding="UTF-8"?>
<!-- Generated by org.testng.reporters.JUnitXMLReporter -->
<testsuite hostname="SC-201512161950" ignored="0" name="CMS后台-谷歌浏览器" tests="3" failures="0" timestamp="23 Apr 2019 11:49:01 GMT" time="32.61" errors="0">
  <testcase name="checkCmsLogin" time="3.136" classname="com.menghunli.cms.testcase.TestCase"/>
  <testcase name="checkRzsqSearchCityPhone" time="13.436" classname="com.menghunli.cms.testcase.TestCase"/>
  <testcase name="checkRzsqSearchSeller" time="7.15" classname="com.menghunli.cms.testcase.TestCase"/>
</testsuite> <!-- CMS后台-谷歌浏览器 -->
